<?xml version="1.0" encoding="UTF-8"?>
<!-- Generated by org.testng.reporters.JUnitXMLReporter -->
<testsuite ignored="4" hostname="DHANOOPVJ" failures="0" tests="1" name="Default test" time="108.768" errors="0" timestamp="2024-12-17T09:04:39 IST">
  <testcase classname="testPackage.Theghartestclass" name="testBookNow" time="90.896"/>
  <testcase classname="testPackage.Theghartestclass" name="testTitleVerification" time="0.0">
    <ignored/>
  </testcase> <!-- testTitleVerification -->
  <testcase classname="testPackage.Theghartestclass" name="testScrolling" time="0.0">
    <ignored/>
  </testcase> <!-- testScrolling -->
  <testcase classname="testPackage.Theghartestclass" name="testBrokenLinks" time="0.0">
    <ignored/>
  </testcase> <!-- testBrokenLinks -->
  <testcase classname="testPackage.Theghartestclass" name="testScreenshot" time="0.0">
    <ignored/>
  </testcase> <!-- testScreenshot -->
</testsuite> <!-- Default test -->
