<?xml version="1.0" encoding="UTF-8"?>
<!-- Generated by org.testng.reporters.JUnitXMLReporter -->
<testsuite ignored="0" hostname="DHANOOPVJ" failures="0" tests="5" name="Test" time="204.427" errors="0" timestamp="2024-12-18T21:55:35 IST">
  <testcase classname="testPackage.Theghartestclass" name="testTitleVerification" time="0.04"/>
  <testcase classname="testPackage.Theghartestclass" name="testBrokenLinks" time="44.484"/>
  <testcase classname="testPackage.Theghartestclass" name="windowHandle" time="31.389"/>
  <testcase classname="testPackage.Theghartestclass" name="testScreenshot" time="0.291"/>
  <testcase classname="testPackage.Theghartestclass" name="testBookNow" time="86.2"/>
</testsuite> <!-- Test -->
